<?xml version="1.0" encoding="UTF-8"?>
<testsuites name="jest tests" tests="319" failures="0" errors="0" time="10.877">
  <testsuite name="controllers/register/myself/address" errors="0" failures="0" skipped="0" timestamp="2022-03-03T13:17:57" time="2.478" tests="3">
    <testcase classname="controllers/register/myself/address getAddress should call the correct template" name="controllers/register/myself/address getAddress should call the correct template" time="0.004">
    </testcase>
    <testcase classname="controllers/register/myself/address postAddress &apos;should post data and redirect to &apos;/register/myself/email-address&apos; if address is provided" name="controllers/register/myself/address postAddress &apos;should post data and redirect to &apos;/register/myself/email-address&apos; if address is provided" time="0.011">
    </testcase>
    <testcase classname="controllers/register/myself/address postAddress should re-render the template with errors if there is any validation error" name="controllers/register/myself/address postAddress should re-render the template with errors if there is any validation error" time="0.001">
    </testcase>
  </testsuite>
  <testsuite name="controllers/cookies" errors="0" failures="0" skipped="0" timestamp="2022-03-03T13:17:57" time="2.522" tests="8">
    <testcase classname="controllers/cookies getCookies should not throw if cannot parse req.cookies value" name="controllers/cookies getCookies should not throw if cannot parse req.cookies value" time="0.02">
    </testcase>
    <testcase classname="controllers/cookies getCookies should call the correct template" name="controllers/cookies getCookies should call the correct template" time="0.001">
    </testcase>
    <testcase classname="controllers/cookies postCookies should redirect on the happy path - no data submitted" name="controllers/cookies postCookies should redirect on the happy path - no data submitted" time="0.001">
    </testcase>
    <testcase classname="controllers/cookies postCookies calls the correct template on error" name="controllers/cookies postCookies calls the correct template on error" time="0.001">
    </testcase>
    <testcase classname="controllers/cookies postCookies should redirect on the happy path with data submitted - Not in production, disable usage cookies" name="controllers/cookies postCookies should redirect on the happy path with data submitted - Not in production, disable usage cookies" time="0.002">
    </testcase>
    <testcase classname="controllers/cookies postCookies should redirect on the happy path with data submitted - Not in production, enable usage cookies" name="controllers/cookies postCookies should redirect on the happy path with data submitted - Not in production, enable usage cookies" time="0.018">
    </testcase>
    <testcase classname="controllers/cookies postCookies should redirect on the happy path with data submitted - In production, disable usage cookies" name="controllers/cookies postCookies should redirect on the happy path with data submitted - In production, disable usage cookies" time="0.002">
    </testcase>
    <testcase classname="controllers/cookies postCookies should redirect on the happy path with data submitted - In production,  enable usage cookies" name="controllers/cookies postCookies should redirect on the happy path with data submitted - In production,  enable usage cookies" time="0.034">
    </testcase>
  </testsuite>
  <testsuite name="controllers/having-your-say-guide" errors="0" failures="0" skipped="0" timestamp="2022-03-03T13:17:57" time="2.448" tests="6">
    <testcase classname="controllers/having-your-say-guide getHavingYourSayAboutProject should call the correct template" name="controllers/having-your-say-guide getHavingYourSayAboutProject should call the correct template" time="0.004">
    </testcase>
    <testcase classname="controllers/having-your-say-guide getHavingYourSayPreApp should call the correct template" name="controllers/having-your-say-guide getHavingYourSayPreApp should call the correct template" time="0.001">
    </testcase>
    <testcase classname="controllers/having-your-say-guide getRegisteringToHaveYourSay should call the correct template" name="controllers/having-your-say-guide getRegisteringToHaveYourSay should call the correct template" time="0.009">
    </testcase>
    <testcase classname="controllers/having-your-say-guide getInvolvedInPreliminaryMeeting should call the correct template" name="controllers/having-your-say-guide getInvolvedInPreliminaryMeeting should call the correct template" time="0.001">
    </testcase>
    <testcase classname="controllers/having-your-say-guide getHavingYourSayExamination should call the correct template" name="controllers/having-your-say-guide getHavingYourSayExamination should call the correct template" time="0.001">
    </testcase>
    <testcase classname="controllers/having-your-say-guide getWhatYouCanDoAfterDecision should call the correct template" name="controllers/having-your-say-guide getWhatYouCanDoAfterDecision should call the correct template" time="0.001">
    </testcase>
  </testsuite>
  <testsuite name="lib/application-api-wrapper" errors="0" failures="0" skipped="0" timestamp="2022-03-03T13:17:57" time="2.484" tests="5">
    <testcase classname="lib/application-api-wrapper getAllProjectList should call the expected URL" name="lib/application-api-wrapper getAllProjectList should call the expected URL" time="0.019">
    </testcase>
    <testcase classname="lib/application-api-wrapper getProjectData should call the expected URL" name="lib/application-api-wrapper getProjectData should call the expected URL" time="0.001">
    </testcase>
    <testcase classname="lib/application-api-wrapper searchDocumentList should call the expected URL" name="lib/application-api-wrapper searchDocumentList should call the expected URL" time="0.001">
    </testcase>
    <testcase classname="lib/application-api-wrapper searchDocumentList should gracefully handle a fetch failure" name="lib/application-api-wrapper searchDocumentList should gracefully handle a fetch failure" time="0.001">
    </testcase>
    <testcase classname="lib/application-api-wrapper searchDocumentList should gracefully handle a fetch failure" name="lib/application-api-wrapper searchDocumentList should gracefully handle a fetch failure" time="0">
    </testcase>
  </testsuite>
  <testsuite name="lib/remove-unwanted-cookies" errors="0" failures="0" skipped="0" timestamp="2022-03-03T13:17:57" time="2.556" tests="9">
    <testcase classname="lib/remove-unwanted-cookies defaultKeepMeCookies should have the expected cookie names" name="lib/remove-unwanted-cookies defaultKeepMeCookies should have the expected cookie names" time="0.003">
    </testcase>
    <testcase classname="lib/remove-unwanted-cookies removeUnwantedCookies should retain the expected cookies - no existing cookies" name="lib/remove-unwanted-cookies removeUnwantedCookies should retain the expected cookies - no existing cookies" time="0.002">
    </testcase>
    <testcase classname="lib/remove-unwanted-cookies removeUnwantedCookies should retain the expected cookies - retains session cookie" name="lib/remove-unwanted-cookies removeUnwantedCookies should retain the expected cookies - retains session cookie" time="0">
    </testcase>
    <testcase classname="lib/remove-unwanted-cookies removeUnwantedCookies should retain the expected cookies - can force session cookie removal if explicitly excluded in keepTheseCookies" name="lib/remove-unwanted-cookies removeUnwantedCookies should retain the expected cookies - can force session cookie removal if explicitly excluded in keepTheseCookies" time="0.002">
    </testcase>
    <testcase classname="lib/remove-unwanted-cookies removeUnwantedCookies should retain the expected cookies - retains cookie_policy" name="lib/remove-unwanted-cookies removeUnwantedCookies should retain the expected cookies - retains cookie_policy" time="0">
    </testcase>
    <testcase classname="lib/remove-unwanted-cookies removeUnwantedCookies should retain the expected cookies - can force cookie_policy removal if explicitly excluded in keepTheseCookies" name="lib/remove-unwanted-cookies removeUnwantedCookies should retain the expected cookies - can force cookie_policy removal if explicitly excluded in keepTheseCookies" time="0.011">
    </testcase>
    <testcase classname="lib/remove-unwanted-cookies removeUnwantedCookies should retain the expected cookies - removes and retains expected with defaults" name="lib/remove-unwanted-cookies removeUnwantedCookies should retain the expected cookies - removes and retains expected with defaults" time="0.001">
    </testcase>
    <testcase classname="lib/remove-unwanted-cookies removeUnwantedCookies should retain the expected cookies - removes and retains expected with custom keepTheseCookies" name="lib/remove-unwanted-cookies removeUnwantedCookies should retain the expected cookies - removes and retains expected with custom keepTheseCookies" time="0.022">
    </testcase>
    <testcase classname="lib/remove-unwanted-cookies removeUnwantedCookies should retain the expected cookies - removes and retains expected with real world looking setup" name="lib/remove-unwanted-cookies removeUnwantedCookies should retain the expected cookies - removes and retains expected with real world looking setup" time="0.001">
    </testcase>
  </testsuite>
  <testsuite name="controllers/register/myself/tell-us-about-project" errors="0" failures="0" skipped="0" timestamp="2022-03-03T13:17:57" time="2.55" tests="5">
    <testcase classname="controllers/register/myself/tell-us-about-project getComments should call the correct template" name="controllers/register/myself/tell-us-about-project getComments should call the correct template" time="0.046">
    </testcase>
    <testcase classname="controllers/register/myself/tell-us-about-project getComments should call the correct template in edit mode" name="controllers/register/myself/tell-us-about-project getComments should call the correct template in edit mode" time="0">
    </testcase>
    <testcase classname="controllers/register/myself/tell-us-about-project postComments &apos;should post data and redirect to &apos;/register/myself/check-answers&apos; if comments is provided" name="controllers/register/myself/tell-us-about-project postComments &apos;should post data and redirect to &apos;/register/myself/check-answers&apos; if comments is provided" time="0.001">
    </testcase>
    <testcase classname="controllers/register/myself/tell-us-about-project postComments &apos;should post data and redirect to &apos;/register/myself/check-answers&apos; if comments is provided and mode is edit" name="controllers/register/myself/tell-us-about-project postComments &apos;should post data and redirect to &apos;/register/myself/check-answers&apos; if comments is provided and mode is edit" time="0">
    </testcase>
    <testcase classname="controllers/register/myself/tell-us-about-project postComments should re-render the template with errors if there is any validation error" name="controllers/register/myself/tell-us-about-project postComments should re-render the template with errors if there is any validation error" time="0.001">
    </testcase>
  </testsuite>
  <testsuite name="middleware/remove-unwanted-cookies" errors="0" failures="0" skipped="0" timestamp="2022-03-03T13:17:57" time="2.554" tests="5">
    <testcase classname="middleware/remove-unwanted-cookies req.cookies is undefined" name="middleware/remove-unwanted-cookies req.cookies is undefined" time="0.003">
    </testcase>
    <testcase classname="middleware/remove-unwanted-cookies req.cookies is set but the interesting key does not exist" name="middleware/remove-unwanted-cookies req.cookies is set but the interesting key does not exist" time="0.002">
    </testcase>
    <testcase classname="middleware/remove-unwanted-cookies req.cookies[cookieConfig.COOKIE_POLICY_KEY] is set but the value is not JSON" name="middleware/remove-unwanted-cookies req.cookies[cookieConfig.COOKIE_POLICY_KEY] is set but the value is not JSON" time="0.001">
    </testcase>
    <testcase classname="middleware/remove-unwanted-cookies req.cookies[cookieConfig.COOKIE_POLICY_KEY] is set and usage is enabled" name="middleware/remove-unwanted-cookies req.cookies[cookieConfig.COOKIE_POLICY_KEY] is set and usage is enabled" time="0.001">
    </testcase>
    <testcase classname="middleware/remove-unwanted-cookies req.cookies[cookieConfig.COOKIE_POLICY_KEY] is set and usage is disabled" name="middleware/remove-unwanted-cookies req.cookies[cookieConfig.COOKIE_POLICY_KEY] is set and usage is disabled" time="0.001">
    </testcase>
  </testsuite>
  <testsuite name="controllers/register/confirm-email" errors="0" failures="0" skipped="0" timestamp="2022-03-03T13:17:57" time="2.693" tests="5">
    <testcase classname="controllers/register/confirm-email getConfirmEmail should call the correct template" name="controllers/register/confirm-email getConfirmEmail should call the correct template" time="0.004">
    </testcase>
    <testcase classname="controllers/register/confirm-email postConfirmEmail &apos;should post data and redirect to &apos;/register/myself/tell-us-about-project&apos; if email is provided and is myself journey" name="controllers/register/confirm-email postConfirmEmail &apos;should post data and redirect to &apos;/register/myself/tell-us-about-project&apos; if email is provided and is myself journey" time="0.001">
    </testcase>
    <testcase classname="controllers/register/confirm-email postConfirmEmail &apos;should post data and redirect to &apos;/register/organisation/tell-us-about-project&apos; if email is provided and is organisation journey" name="controllers/register/confirm-email postConfirmEmail &apos;should post data and redirect to &apos;/register/organisation/tell-us-about-project&apos; if email is provided and is organisation journey" time="0.001">
    </testcase>
    <testcase classname="controllers/register/confirm-email postConfirmEmail &apos;should post data and redirect to &apos;/undefined&apos; if email is provided and is agents journey" name="controllers/register/confirm-email postConfirmEmail &apos;should post data and redirect to &apos;/undefined&apos; if email is provided and is agents journey" time="0">
    </testcase>
    <testcase classname="controllers/register/confirm-email postConfirmEmail should re-render the template with errors if there is any validation error" name="controllers/register/confirm-email postConfirmEmail should re-render the template with errors if there is any validation error" time="0.001">
    </testcase>
  </testsuite>
  <testsuite name="lib/views" errors="0" failures="0" skipped="0" timestamp="2022-03-03T13:17:59" time="0.603" tests="1">
    <testcase classname="lib/views should have the expected defined constants" name="lib/views should have the expected defined constants" time="0.002">
    </testcase>
  </testsuite>
  <testsuite name="lib/get-previous-page-path" errors="0" failures="0" skipped="0" timestamp="2022-03-03T13:17:59" time="0.631" tests="6">
    <testcase classname="lib/get-previous-page-path unhappy path - should return root url - referer undefined" name="lib/get-previous-page-path unhappy path - should return root url - referer undefined" time="0.001">
    </testcase>
    <testcase classname="lib/get-previous-page-path unhappy path - should return root url - host config undefined" name="lib/get-previous-page-path unhappy path - should return root url - host config undefined" time="0">
    </testcase>
    <testcase classname="lib/get-previous-page-path unhappy path - should return root url - empty referer" name="lib/get-previous-page-path unhappy path - should return root url - empty referer" time="0">
    </testcase>
    <testcase classname="lib/get-previous-page-path unhappy path - should return root url - referer and host config do not match" name="lib/get-previous-page-path unhappy path - should return root url - referer and host config do not match" time="0.001">
    </testcase>
    <testcase classname="lib/get-previous-page-path happy path - should return the expected path - /some" name="lib/get-previous-page-path happy path - should return the expected path - /some" time="0">
    </testcase>
    <testcase classname="lib/get-previous-page-path happy path - should return the expected path - /some/nested/path?and=stuff" name="lib/get-previous-page-path happy path - should return the expected path - /some/nested/path?and=stuff" time="0">
    </testcase>
  </testsuite>
  <testsuite name="routes/examination" errors="0" failures="0" skipped="0" timestamp="2022-03-03T13:17:59" time="0.901" tests="1">
    <testcase classname="routes/examination should define the expected routes" name="routes/examination should define the expected routes" time="0.021">
    </testcase>
  </testsuite>
  <testsuite name="controllers/register/type-of-party" errors="0" failures="0" skipped="0" timestamp="2022-03-03T13:17:59" time="1.045" tests="7">
    <testcase classname="controllers/register/type-of-party getTypeOfParty should call the correct template" name="controllers/register/type-of-party getTypeOfParty should call the correct template" time="0.001">
    </testcase>
    <testcase classname="controllers/register/type-of-party forwardPage should return &apos;/register/myself/full-name&apos; if 1st option selected" name="controllers/register/type-of-party forwardPage should return &apos;/register/myself/full-name&apos; if 1st option selected" time="0">
    </testcase>
    <testcase classname="controllers/register/type-of-party forwardPage should return &apos;/register/organisation/full-name&apos; if 2nd option selected" name="controllers/register/type-of-party forwardPage should return &apos;/register/organisation/full-name&apos; if 2nd option selected" time="0.001">
    </testcase>
    <testcase classname="controllers/register/type-of-party forwardPage should return &apos;/register/agent/full-name&apos; if 3rd option selected" name="controllers/register/type-of-party forwardPage should return &apos;/register/agent/full-name&apos; if 3rd option selected" time="0">
    </testcase>
    <testcase classname="controllers/register/type-of-party forwardPage should return &apos;/register/who-registering-for&apos; if it is &apos;default&apos;" name="controllers/register/type-of-party forwardPage should return &apos;/register/who-registering-for&apos; if it is &apos;default&apos;" time="0">
    </testcase>
    <testcase classname="controllers/register/type-of-party postTypeOfParty &apos;should post data and redirect to &apos;/register/myself/full-name&apos; if 1st option is selected" name="controllers/register/type-of-party postTypeOfParty &apos;should post data and redirect to &apos;/register/myself/full-name&apos; if 1st option is selected" time="0">
    </testcase>
    <testcase classname="controllers/register/type-of-party postTypeOfParty should re-render the template with errors if there is any validation error" name="controllers/register/type-of-party postTypeOfParty should re-render the template with errors if there is any validation error" time="0.001">
    </testcase>
  </testsuite>
  <testsuite name="routes/register/myself/full-name" errors="0" failures="0" skipped="0" timestamp="2022-03-03T13:17:59" time="1.086" tests="1">
    <testcase classname="routes/register/myself/full-name should define the expected routes" name="routes/register/myself/full-name should define the expected routes" time="0.128">
    </testcase>
  </testsuite>
  <testsuite name="views/macros/cookie-banner-accepted" errors="0" failures="0" skipped="0" timestamp="2022-03-03T13:17:59" time="1.008" tests="4">
    <testcase classname="views/macros/cookie-banner-accepted should have sensible default attributes" name="views/macros/cookie-banner-accepted should have sensible default attributes" time="0.112">
    </testcase>
    <testcase classname="views/macros/cookie-banner-accepted should allow setting a custom serviceName" name="views/macros/cookie-banner-accepted should allow setting a custom serviceName" time="0.061">
    </testcase>
    <testcase classname="views/macros/cookie-banner-accepted should allow setting a custom cookiePagePath" name="views/macros/cookie-banner-accepted should allow setting a custom cookiePagePath" time="0.072">
    </testcase>
    <testcase classname="views/macros/cookie-banner-accepted should allow setting all custom attributes" name="views/macros/cookie-banner-accepted should allow setting all custom attributes" time="0.043">
    </testcase>
  </testsuite>
  <testsuite name="routes/cookie" errors="0" failures="0" skipped="0" timestamp="2022-03-03T13:17:59" time="1.126" tests="1">
    <testcase classname="routes/cookie should define the expected routes" name="routes/cookie should define the expected routes" time="0.005">
    </testcase>
  </testsuite>
  <testsuite name="lib/client-side/cookie/cookie-jar" errors="0" failures="0" skipped="0" timestamp="2022-03-03T13:17:58" time="2.767" tests="10">
    <testcase classname="lib/client-side/cookie/cookie-jar createCookie without days - gets default expiry" name="lib/client-side/cookie/cookie-jar createCookie without days - gets default expiry" time="0.034">
    </testcase>
    <testcase classname="lib/client-side/cookie/cookie-jar createCookie with positive days" name="lib/client-side/cookie/cookie-jar createCookie with positive days" time="0.001">
    </testcase>
    <testcase classname="lib/client-side/cookie/cookie-jar createCookie with 0 days" name="lib/client-side/cookie/cookie-jar createCookie with 0 days" time="0.002">
    </testcase>
    <testcase classname="lib/client-side/cookie/cookie-jar createCookie with negative days" name="lib/client-side/cookie/cookie-jar createCookie with negative days" time="0.003">
    </testcase>
    <testcase classname="lib/client-side/cookie/cookie-jar createCookie bad days - we all have them" name="lib/client-side/cookie/cookie-jar createCookie bad days - we all have them" time="0.001">
    </testcase>
    <testcase classname="lib/client-side/cookie/cookie-jar createCookie secure cookies are implicitly set if in the production environment" name="lib/client-side/cookie/cookie-jar createCookie secure cookies are implicitly set if in the production environment" time="0.002">
    </testcase>
    <testcase classname="lib/client-side/cookie/cookie-jar readCookie when cookie does not exist" name="lib/client-side/cookie/cookie-jar readCookie when cookie does not exist" time="0.009">
    </testcase>
    <testcase classname="lib/client-side/cookie/cookie-jar readCookie when one cookie exists" name="lib/client-side/cookie/cookie-jar readCookie when one cookie exists" time="0.001">
    </testcase>
    <testcase classname="lib/client-side/cookie/cookie-jar readCookie when many cookies exists" name="lib/client-side/cookie/cookie-jar readCookie when many cookies exists" time="0.001">
    </testcase>
    <testcase classname="lib/client-side/cookie/cookie-jar eraseCookie" name="lib/client-side/cookie/cookie-jar eraseCookie" time="0.001">
    </testcase>
  </testsuite>
  <testsuite name="routes/register/myself/index" errors="0" failures="0" skipped="0" timestamp="2022-03-03T13:17:59" time="1.392" tests="1">
    <testcase classname="routes/register/myself/index should define the expected routes" name="routes/register/myself/index should define the expected routes" time="0.816">
    </testcase>
  </testsuite>
  <testsuite name="validators/validation-error-handler" errors="0" failures="0" skipped="0" timestamp="2022-03-03T13:18:00" time="0.969" tests="2">
    <testcase classname="validators/validation-error-handler should validate - no errors" name="validators/validation-error-handler should validate - no errors" time="0.001">
    </testcase>
    <testcase classname="validators/validation-error-handler should validate - with errors" name="validators/validation-error-handler should validate - with errors" time="0">
    </testcase>
  </testsuite>
  <testsuite name="lib/client-side/cookie/cookie-consent" errors="0" failures="0" skipped="0" timestamp="2022-03-03T13:17:58" time="3.165" tests="10">
    <testcase classname="lib/client-side/cookie/cookie-consent setCookies" name="lib/client-side/cookie/cookie-consent setCookies" time="0.032">
    </testcase>
    <testcase classname="lib/client-side/cookie/cookie-consent hideConsentBanner" name="lib/client-side/cookie/cookie-consent hideConsentBanner" time="0.017">
    </testcase>
    <testcase classname="lib/client-side/cookie/cookie-consent getConsentButtons" name="lib/client-side/cookie/cookie-consent getConsentButtons" time="0.007">
    </testcase>
    <testcase classname="lib/client-side/cookie/cookie-consent displayConsentButtons" name="lib/client-side/cookie/cookie-consent displayConsentButtons" time="0.018">
    </testcase>
    <testcase classname="lib/client-side/cookie/cookie-consent addAcceptCookieConsentListener" name="lib/client-side/cookie/cookie-consent addAcceptCookieConsentListener" time="0.04">
    </testcase>
    <testcase classname="lib/client-side/cookie/cookie-consent addRejectCookieConsentListener" name="lib/client-side/cookie/cookie-consent addRejectCookieConsentListener" time="0.004">
    </testcase>
    <testcase classname="lib/client-side/cookie/cookie-consent cookieConsentHandler return early if required element is undefined" name="lib/client-side/cookie/cookie-consent cookieConsentHandler return early if required element is undefined" time="0.022">
    </testcase>
    <testcase classname="lib/client-side/cookie/cookie-consent cookieConsentHandler return early if required element is undefined" name="lib/client-side/cookie/cookie-consent cookieConsentHandler return early if required element is undefined" time="0.003">
    </testcase>
    <testcase classname="lib/client-side/cookie/cookie-consent cookieConsentHandler cookie policy has already been set" name="lib/client-side/cookie/cookie-consent cookieConsentHandler cookie policy has already been set" time="0.003">
    </testcase>
    <testcase classname="lib/client-side/cookie/cookie-consent cookieConsentHandler cookie policy has not yet been set" name="lib/client-side/cookie/cookie-consent cookieConsentHandler cookie policy has not yet been set" time="0.006">
    </testcase>
  </testsuite>
  <testsuite name="routes/index" errors="0" failures="0" skipped="0" timestamp="2022-03-03T13:17:57" time="4.179" tests="1">
    <testcase classname="routes/index should define the expected routes" name="routes/index should define the expected routes" time="0.058">
    </testcase>
  </testsuite>
  <testsuite name="routes/register/who-registering-for" errors="0" failures="0" skipped="0" timestamp="2022-03-03T13:18:00" time="1.042" tests="1">
    <testcase classname="routes/register/who-registering-for should define the expected routes" name="routes/register/who-registering-for should define the expected routes" time="0.007">
    </testcase>
  </testsuite>
  <testsuite name="views/macros/cookie-banner-rejected" errors="0" failures="0" skipped="0" timestamp="2022-03-03T13:18:00" time="1.018" tests="4">
    <testcase classname="views/macros/cookie-banner-rejected should have sensible default attributes" name="views/macros/cookie-banner-rejected should have sensible default attributes" time="0.133">
    </testcase>
    <testcase classname="views/macros/cookie-banner-rejected should allow setting a custom serviceName" name="views/macros/cookie-banner-rejected should allow setting a custom serviceName" time="0.048">
    </testcase>
    <testcase classname="views/macros/cookie-banner-rejected should allow setting a custom cookiePagePath" name="views/macros/cookie-banner-rejected should allow setting a custom cookiePagePath" time="0.089">
    </testcase>
    <testcase classname="views/macros/cookie-banner-rejected should allow setting all custom attributes" name="views/macros/cookie-banner-rejected should allow setting all custom attributes" time="0.037">
    </testcase>
  </testsuite>
  <testsuite name="controllers/register/organisation/confirmation" errors="0" failures="0" skipped="0" timestamp="2022-03-03T13:18:00" time="0.829" tests="1">
    <testcase classname="controllers/register/organisation/confirmation getConfirmation should call the correct template" name="controllers/register/organisation/confirmation getConfirmation should call the correct template" time="0.002">
    </testcase>
  </testsuite>
  <testsuite name="views/macros/cookie-banner" errors="0" failures="0" skipped="0" timestamp="2022-03-03T13:18:00" time="1.027" tests="4">
    <testcase classname="views/macros/cookie-banner should have sensible default attributes" name="views/macros/cookie-banner should have sensible default attributes" time="0.123">
    </testcase>
    <testcase classname="views/macros/cookie-banner should allow setting a custom serviceName" name="views/macros/cookie-banner should allow setting a custom serviceName" time="0.091">
    </testcase>
    <testcase classname="views/macros/cookie-banner should allow setting a custom cookiePagePath" name="views/macros/cookie-banner should allow setting a custom cookiePagePath" time="0.038">
    </testcase>
    <testcase classname="views/macros/cookie-banner should allow setting all custom attributes" name="views/macros/cookie-banner should allow setting all custom attributes" time="0.034">
    </testcase>
  </testsuite>
  <testsuite name="validators/cookies" errors="0" failures="0" skipped="0" timestamp="2022-03-03T13:18:01" time="0.755" tests="7">
    <testcase classname="validators/cookies rules is configured with the expected rules" name="validators/cookies rules is configured with the expected rules" time="0.001">
    </testcase>
    <testcase classname="validators/cookies rules ruleUsageCookie is configured with the expected rules" name="validators/cookies rules ruleUsageCookie is configured with the expected rules" time="0.001">
    </testcase>
    <testcase classname="validators/cookies validator should return the expected validation outcome - No selection made as to cookie usage - valid, not a required field" name="validators/cookies validator should return the expected validation outcome - No selection made as to cookie usage - valid, not a required field" time="0.003">
    </testcase>
    <testcase classname="validators/cookies validator should return the expected validation outcome - Invalid - value provided but not an allowable value" name="validators/cookies validator should return the expected validation outcome - Invalid - value provided but not an allowable value" time="0.002">
    </testcase>
    <testcase classname="validators/cookies validator should return the expected validation outcome - Usage cookie is agreed" name="validators/cookies validator should return the expected validation outcome - Usage cookie is agreed" time="0">
    </testcase>
    <testcase classname="validators/cookies validator should return the expected validation outcome - Usage cookie is not agreed" name="validators/cookies validator should return the expected validation outcome - Usage cookie is not agreed" time="0.001">
    </testcase>
    <testcase classname="validators/cookies validUsageCookieOptions should define the expected valid usage cookie options" name="validators/cookies validUsageCookieOptions should define the expected valid usage cookie options" time="0.026">
    </testcase>
  </testsuite>
  <testsuite name="controllers/register/myself/full-name" errors="0" failures="0" skipped="0" timestamp="2022-03-03T13:18:01" time="0.656" tests="3">
    <testcase classname="controllers/register/myself/full-name getFullName should call the correct template" name="controllers/register/myself/full-name getFullName should call the correct template" time="0">
    </testcase>
    <testcase classname="controllers/register/myself/full-name postFullName &apos;should post data and redirect to &apos;/register/myself/are-you-18-over&apos; if name is provided" name="controllers/register/myself/full-name postFullName &apos;should post data and redirect to &apos;/register/myself/are-you-18-over&apos; if name is provided" time="0">
    </testcase>
    <testcase classname="controllers/register/myself/full-name postFullName should re-render the template with errors if there is any validation error" name="controllers/register/myself/full-name postFullName should re-render the template with errors if there is any validation error" time="0.001">
    </testcase>
  </testsuite>
  <testsuite name="controllers/register/start" errors="0" failures="0" skipped="0" timestamp="2022-03-03T13:18:01" time="1.049" tests="4">
    <testcase classname="controllers/register/start getStart should load project data and return register start view" name="controllers/register/start getStart should load project data and return register start view" time="0.007">
    </testcase>
    <testcase classname="controllers/register/start getStart should load project data and return register start view even when existing project in session  " name="controllers/register/start getStart should load project data and return register start view even when existing project in session  " time="0.001">
    </testcase>
    <testcase classname="controllers/register/start getStart should redirect to not found route if project not found for caseRef provided" name="controllers/register/start getStart should redirect to not found route if project not found for caseRef provided" time="0.001">
    </testcase>
    <testcase classname="controllers/register/start getStart should redirect to not found route if caseRef not provided" name="controllers/register/start getStart should redirect to not found route if caseRef not provided" time="0.001">
    </testcase>
  </testsuite>
  <testsuite name="lib/client-side/cookie-preferences" errors="0" failures="0" skipped="0" timestamp="2022-03-03T13:18:01" time="0.728" tests="1">
    <testcase classname="lib/client-side/cookie-preferences calls the expected functions" name="lib/client-side/cookie-preferences calls the expected functions" time="0.019">
    </testcase>
  </testsuite>
  <testsuite name="controllers/register/myself/registration-complete" errors="0" failures="0" skipped="0" timestamp="2022-03-03T13:18:01" time="0.614" tests="1">
    <testcase classname="controllers/register/myself/registration-complete getConfirmation should call the correct template" name="controllers/register/myself/registration-complete getConfirmation should call the correct template" time="0.004">
    </testcase>
  </testsuite>
  <testsuite name="controllers/examination/examination" errors="0" failures="0" skipped="0" timestamp="2022-03-03T13:18:01" time="0.782" tests="1">
    <testcase classname="controllers/examination/examination getExamination should call the correct template" name="controllers/examination/examination getExamination should call the correct template" time="0.053">
    </testcase>
  </testsuite>
  <testsuite name="controllers/about-the-application" errors="0" failures="0" skipped="0" timestamp="2022-03-03T13:18:01" time="0.675" tests="3">
    <testcase classname="controllers/about-the-application getAboutTheApplication should call the correct template" name="controllers/about-the-application getAboutTheApplication should call the correct template" time="0.001">
    </testcase>
    <testcase classname="controllers/about-the-application postSearchDocument should call the correct template" name="controllers/about-the-application postSearchDocument should call the correct template" time="0">
    </testcase>
    <testcase classname="controllers/about-the-application postFilterDocument should call the correct template" name="controllers/about-the-application postFilterDocument should call the correct template" time="0">
    </testcase>
  </testsuite>
  <testsuite name="healthchecks" errors="0" failures="0" skipped="0" timestamp="2022-03-03T13:18:02" time="0.589" tests="1">
    <testcase classname="healthchecks should configure the health checks" name="healthchecks should configure the health checks" time="0.001">
    </testcase>
  </testsuite>
  <testsuite name="controllers/project-search" errors="0" failures="0" skipped="0" timestamp="2022-03-03T13:18:01" time="0.759" tests="1">
    <testcase classname="controllers/project-search getProjectList should call the correct template" name="controllers/project-search getProjectList should call the correct template" time="0.001">
    </testcase>
  </testsuite>
  <testsuite name="lib/session" errors="0" failures="0" skipped="0" timestamp="2022-03-03T13:18:02" time="0.644" tests="3">
    <testcase classname="lib/session should throw if unable to find the session secret" name="lib/session should throw if unable to find the session secret" time="0.003">
    </testcase>
    <testcase classname="lib/session should configure with the expected config" name="lib/session should configure with the expected config" time="0.001">
    </testcase>
    <testcase classname="lib/session should configure with the expected config when useSecureSessionCookie" name="lib/session should configure with the expected config when useSecureSessionCookie" time="0">
    </testcase>
  </testsuite>
  <testsuite name="lib/client-side/index" errors="0" failures="0" skipped="0" timestamp="2022-03-03T13:18:02" time="0.602" tests="1">
    <testcase classname="lib/client-side/index calls the expected functions" name="lib/client-side/index calls the expected functions" time="0.003">
    </testcase>
  </testsuite>
  <testsuite name="controllers/register/agent/tell-us-about-project" errors="0" failures="0" skipped="0" timestamp="2022-03-03T13:18:02" time="0.587" tests="5">
    <testcase classname="controllers/register/agent/tell-us-about-project getComments should call the correct template" name="controllers/register/agent/tell-us-about-project getComments should call the correct template" time="0">
    </testcase>
    <testcase classname="controllers/register/agent/tell-us-about-project getComments should call the correct template in edit mode" name="controllers/register/agent/tell-us-about-project getComments should call the correct template in edit mode" time="0">
    </testcase>
    <testcase classname="controllers/register/agent/tell-us-about-project postComments &apos;should post data and redirect to &apos;/register/agent/check-answers&apos; if comments is provided" name="controllers/register/agent/tell-us-about-project postComments &apos;should post data and redirect to &apos;/register/agent/check-answers&apos; if comments is provided" time="0.001">
    </testcase>
    <testcase classname="controllers/register/agent/tell-us-about-project postComments &apos;should post data and redirect to &apos;/register/agent/check-answers&apos; if comments is provided and mode is edit" name="controllers/register/agent/tell-us-about-project postComments &apos;should post data and redirect to &apos;/register/agent/check-answers&apos; if comments is provided and mode is edit" time="0">
    </testcase>
    <testcase classname="controllers/register/agent/tell-us-about-project postComments should re-render the template with errors if there is any validation error" name="controllers/register/agent/tell-us-about-project postComments should re-render the template with errors if there is any validation error" time="0.001">
    </testcase>
  </testsuite>
  <testsuite name="controllers/register/agent/their-telephone-number" errors="0" failures="0" skipped="0" timestamp="2022-03-03T13:18:02" time="0.703" tests="3">
    <testcase classname="controllers/register/agent/their-telephone-number getTelephone should call the correct template" name="controllers/register/agent/their-telephone-number getTelephone should call the correct template" time="0.001">
    </testcase>
    <testcase classname="controllers/register/agent/their-telephone-number postTelephone &apos;should post data and redirect to &apos;/register/agent/check-answers&apos; if telephone is provided" name="controllers/register/agent/their-telephone-number postTelephone &apos;should post data and redirect to &apos;/register/agent/check-answers&apos; if telephone is provided" time="0">
    </testcase>
    <testcase classname="controllers/register/agent/their-telephone-number postTelephone should re-render the template with errors if there is any validation error" name="controllers/register/agent/their-telephone-number postTelephone should re-render the template with errors if there is any validation error" time="0.001">
    </testcase>
  </testsuite>
  <testsuite name="controllers/register/agent/who-representing" errors="0" failures="0" skipped="0" timestamp="2022-03-03T13:18:02" time="0.608" tests="3">
    <testcase classname="controllers/register/agent/who-representing getRepresentingFor should call the correct template" name="controllers/register/agent/who-representing getRepresentingFor should call the correct template" time="0.005">
    </testcase>
    <testcase classname="controllers/register/agent/who-representing postRepresentingFor &apos;should post data and redirect to &apos;/register/agent/name-family-group-representing&apos; if representing-for is provided" name="controllers/register/agent/who-representing postRepresentingFor &apos;should post data and redirect to &apos;/register/agent/name-family-group-representing&apos; if representing-for is provided" time="0.001">
    </testcase>
    <testcase classname="controllers/register/agent/who-representing postRepresentingFor should re-render the template with errors if there is any validation error" name="controllers/register/agent/who-representing postRepresentingFor should re-render the template with errors if there is any validation error" time="0">
    </testcase>
  </testsuite>
  <testsuite name="controllers/register/agent/their-email-address" errors="0" failures="0" skipped="0" timestamp="2022-03-03T13:18:02" time="0.589" tests="3">
    <testcase classname="controllers/register/agent/their-email-address getEmail should call the correct template" name="controllers/register/agent/their-email-address getEmail should call the correct template" time="0.001">
    </testcase>
    <testcase classname="controllers/register/agent/their-email-address postEmail &apos;should post data and redirect to &apos;/register/agent/their-telephone-number&apos; if email is provided" name="controllers/register/agent/their-email-address postEmail &apos;should post data and redirect to &apos;/register/agent/their-telephone-number&apos; if email is provided" time="0">
    </testcase>
    <testcase classname="controllers/register/agent/their-email-address postEmail should re-render the template with errors if there is any validation error" name="controllers/register/agent/their-email-address postEmail should re-render the template with errors if there is any validation error" time="0.001">
    </testcase>
  </testsuite>
  <testsuite name="lib/client-side/cookie/cookie-consent-accepted" errors="0" failures="0" skipped="0" timestamp="2022-03-03T13:18:02" time="0.87" tests="6">
    <testcase classname="lib/client-side/cookie/cookie-consent-accepted banner is showing hideConsentAcceptedBanner" name="lib/client-side/cookie/cookie-consent-accepted banner is showing hideConsentAcceptedBanner" time="0.064">
    </testcase>
    <testcase classname="lib/client-side/cookie/cookie-consent-accepted banner is showing showCookieConsentAcceptedBanner" name="lib/client-side/cookie/cookie-consent-accepted banner is showing showCookieConsentAcceptedBanner" time="0.007">
    </testcase>
    <testcase classname="lib/client-side/cookie/cookie-consent-accepted banner is showing addCookieConsentAcceptedListener" name="lib/client-side/cookie/cookie-consent-accepted banner is showing addCookieConsentAcceptedListener" time="0.028">
    </testcase>
    <testcase classname="lib/client-side/cookie/cookie-consent-accepted banner is hidden hideConsentAcceptedBanner" name="lib/client-side/cookie/cookie-consent-accepted banner is hidden hideConsentAcceptedBanner" time="0.003">
    </testcase>
    <testcase classname="lib/client-side/cookie/cookie-consent-accepted banner is hidden showCookieConsentAcceptedBanner" name="lib/client-side/cookie/cookie-consent-accepted banner is hidden showCookieConsentAcceptedBanner" time="0.003">
    </testcase>
    <testcase classname="lib/client-side/cookie/cookie-consent-accepted banner is hidden addCookieConsentAcceptedListener" name="lib/client-side/cookie/cookie-consent-accepted banner is hidden addCookieConsentAcceptedListener" time="0.024">
    </testcase>
  </testsuite>
  <testsuite name="routes/register/start" errors="0" failures="0" skipped="0" timestamp="2022-03-03T13:18:02" time="0.619" tests="1">
    <testcase classname="routes/register/start should define the expected routes" name="routes/register/start should define the expected routes" time="0.004">
    </testcase>
  </testsuite>
  <testsuite name="lib/client-side/cookie/cookie-consent-rejected" errors="0" failures="0" skipped="0" timestamp="2022-03-03T13:18:02" time="0.882" tests="6">
    <testcase classname="lib/client-side/cookie/cookie-consent-rejected banner is showing hideConsentRejectedBanner" name="lib/client-side/cookie/cookie-consent-rejected banner is showing hideConsentRejectedBanner" time="0.052">
    </testcase>
    <testcase classname="lib/client-side/cookie/cookie-consent-rejected banner is showing showCookieConsentRejectedBanner" name="lib/client-side/cookie/cookie-consent-rejected banner is showing showCookieConsentRejectedBanner" time="0.005">
    </testcase>
    <testcase classname="lib/client-side/cookie/cookie-consent-rejected banner is showing addCookieConsentRejectedListener" name="lib/client-side/cookie/cookie-consent-rejected banner is showing addCookieConsentRejectedListener" time="0.024">
    </testcase>
    <testcase classname="lib/client-side/cookie/cookie-consent-rejected banner is hidden hideConsentRejectedBanner" name="lib/client-side/cookie/cookie-consent-rejected banner is hidden hideConsentRejectedBanner" time="0.002">
    </testcase>
    <testcase classname="lib/client-side/cookie/cookie-consent-rejected banner is hidden showCookieConsentRejectedBanner" name="lib/client-side/cookie/cookie-consent-rejected banner is hidden showCookieConsentRejectedBanner" time="0.002">
    </testcase>
    <testcase classname="lib/client-side/cookie/cookie-consent-rejected banner is hidden addCookieConsentRejectedListener" name="lib/client-side/cookie/cookie-consent-rejected banner is hidden addCookieConsentRejectedListener" time="0.004">
    </testcase>
  </testsuite>
  <testsuite name="controllers/footer-pages" errors="0" failures="0" skipped="0" timestamp="2022-03-03T13:18:02" time="0.576" tests="4">
    <testcase classname="controllers/footer-pages getTermsAndConditions should call the correct template" name="controllers/footer-pages getTermsAndConditions should call the correct template" time="0.001">
    </testcase>
    <testcase classname="controllers/footer-pages getSitemap should call the correct template" name="controllers/footer-pages getSitemap should call the correct template" time="0">
    </testcase>
    <testcase classname="controllers/footer-pages getAccessibility should call the correct template" name="controllers/footer-pages getAccessibility should call the correct template" time="0.001">
    </testcase>
    <testcase classname="controllers/footer-pages getCookiesInfo should call the correct template" name="controllers/footer-pages getCookiesInfo should call the correct template" time="0">
    </testcase>
  </testsuite>
  <testsuite name="controllers/register/organisation/organisation-name" errors="0" failures="0" skipped="0" timestamp="2022-03-03T13:18:02" time="0.627" tests="3">
    <testcase classname="controllers/register/organisation/organisation-name getOrganisationName should call the correct template" name="controllers/register/organisation/organisation-name getOrganisationName should call the correct template" time="0.001">
    </testcase>
    <testcase classname="controllers/register/organisation/organisation-name postOrganisationName &apos;should post data and redirect to &apos;/register/organisation/role&apos; if name is provided" name="controllers/register/organisation/organisation-name postOrganisationName &apos;should post data and redirect to &apos;/register/organisation/role&apos; if name is provided" time="0.001">
    </testcase>
    <testcase classname="controllers/register/organisation/organisation-name postOrganisationName should re-render the template with errors if there is any validation error" name="controllers/register/organisation/organisation-name postOrganisationName should re-render the template with errors if there is any validation error" time="0.001">
    </testcase>
  </testsuite>
  <testsuite name="controllers/examination/all-examination-documents" errors="0" failures="0" skipped="0" timestamp="2022-03-03T13:18:02" time="0.637" tests="1">
    <testcase classname="controllers/examination/all-examination-documents getAllExaminationDocuments should call the correct template" name="controllers/examination/all-examination-documents getAllExaminationDocuments should call the correct template" time="0.001">
    </testcase>
  </testsuite>
  <testsuite name="controllers/register/agent/their-postal-address" errors="0" failures="0" skipped="0" timestamp="2022-03-03T13:18:03" time="0.634" tests="3">
    <testcase classname="controllers/register/agent/their-postal-address getAddress should call the correct template" name="controllers/register/agent/their-postal-address getAddress should call the correct template" time="0.001">
    </testcase>
    <testcase classname="controllers/register/agent/their-postal-address postAddress &apos;should post data and redirect to &apos;/register/agent/their-email-address&apos; if address is provided" name="controllers/register/agent/their-postal-address postAddress &apos;should post data and redirect to &apos;/register/agent/their-email-address&apos; if address is provided" time="0.001">
    </testcase>
    <testcase classname="controllers/register/agent/their-postal-address postAddress should re-render the template with errors if there is any validation error" name="controllers/register/agent/their-postal-address postAddress should re-render the template with errors if there is any validation error" time="0">
    </testcase>
  </testsuite>
  <testsuite name="controllers/register/agent/full-name" errors="0" failures="0" skipped="0" timestamp="2022-03-03T13:18:03" time="0.608" tests="3">
    <testcase classname="controllers/register/agent/full-name getFullName should call the correct template" name="controllers/register/agent/full-name getFullName should call the correct template" time="0.001">
    </testcase>
    <testcase classname="controllers/register/agent/full-name postFullName &apos;should post data and redirect to &apos;/register/agent/name-of-organisation&apos; if name is provided" name="controllers/register/agent/full-name postFullName &apos;should post data and redirect to &apos;/register/agent/name-of-organisation&apos; if name is provided" time="0">
    </testcase>
    <testcase classname="controllers/register/agent/full-name postFullName should re-render the template with errors if there is any validation error" name="controllers/register/agent/full-name postFullName should re-render the template with errors if there is any validation error" time="0.002">
    </testcase>
  </testsuite>
  <testsuite name="controllers/decision-making-process-guide" errors="0" failures="0" skipped="0" timestamp="2022-03-03T13:18:03" time="0.667" tests="6">
    <testcase classname="controllers/decision-making-process-guide getDecisionMakingProcessGuide should call the correct template" name="controllers/decision-making-process-guide getDecisionMakingProcessGuide should call the correct template" time="0.001">
    </testcase>
    <testcase classname="controllers/decision-making-process-guide getPreApplication should call the correct template" name="controllers/decision-making-process-guide getPreApplication should call the correct template" time="0.001">
    </testcase>
    <testcase classname="controllers/decision-making-process-guide getReviewOfTheApplication should call the correct template" name="controllers/decision-making-process-guide getReviewOfTheApplication should call the correct template" time="0.001">
    </testcase>
    <testcase classname="controllers/decision-making-process-guide getPreExamination should call the correct template" name="controllers/decision-making-process-guide getPreExamination should call the correct template" time="0">
    </testcase>
    <testcase classname="controllers/decision-making-process-guide getRecommendationAndDecision should call the correct template" name="controllers/decision-making-process-guide getRecommendationAndDecision should call the correct template" time="0.001">
    </testcase>
    <testcase classname="controllers/decision-making-process-guide getWhatHappensAfterTheDecisionIsMade should call the correct template" name="controllers/decision-making-process-guide getWhatHappensAfterTheDecisionIsMade should call the correct template" time="0.002">
    </testcase>
  </testsuite>
  <testsuite name="controllersregister/agent/registration-complete" errors="0" failures="0" skipped="0" timestamp="2022-03-03T13:18:03" time="0.698" tests="1">
    <testcase classname="controllersregister/agent/registration-complete getConfirmation should call the correct template" name="controllersregister/agent/registration-complete getConfirmation should call the correct template" time="0.003">
    </testcase>
  </testsuite>
  <testsuite name="controllers/register/myself/telephone" errors="0" failures="0" skipped="0" timestamp="2022-03-03T13:18:03" time="0.624" tests="3">
    <testcase classname="controllers/register/myself/telephone getTelephone should call the correct template" name="controllers/register/myself/telephone getTelephone should call the correct template" time="0.036">
    </testcase>
    <testcase classname="controllers/register/myself/telephone postTelephone &apos;should post data and redirect to &apos;/undefined&apos; if telephone is provided" name="controllers/register/myself/telephone postTelephone &apos;should post data and redirect to &apos;/undefined&apos; if telephone is provided" time="0.001">
    </testcase>
    <testcase classname="controllers/register/myself/telephone postTelephone should re-render the template with errors if there is any validation error" name="controllers/register/myself/telephone postTelephone should re-render the template with errors if there is any validation error" time="0.001">
    </testcase>
  </testsuite>
  <testsuite name="lib/client-side/cookie/cookie-dom-helpers" errors="0" failures="0" skipped="0" timestamp="2022-03-03T13:18:03" time="0.912" tests="4">
    <testcase classname="lib/client-side/cookie/cookie-dom-helpers showSingleDomElementBySelector can show a hidden element" name="lib/client-side/cookie/cookie-dom-helpers showSingleDomElementBySelector can show a hidden element" time="0.081">
    </testcase>
    <testcase classname="lib/client-side/cookie/cookie-dom-helpers showSingleDomElementBySelector showing an already shown element" name="lib/client-side/cookie/cookie-dom-helpers showSingleDomElementBySelector showing an already shown element" time="0.022">
    </testcase>
    <testcase classname="lib/client-side/cookie/cookie-dom-helpers hideSingleDomElementBySelector can hide a visible element" name="lib/client-side/cookie/cookie-dom-helpers hideSingleDomElementBySelector can hide a visible element" time="0.003">
    </testcase>
    <testcase classname="lib/client-side/cookie/cookie-dom-helpers hideSingleDomElementBySelector hiding an already hidden element" name="lib/client-side/cookie/cookie-dom-helpers hideSingleDomElementBySelector hiding an already hidden element" time="0.002">
    </testcase>
  </testsuite>
  <testsuite name="controllers/register/myself/email" errors="0" failures="0" skipped="0" timestamp="2022-03-03T13:18:03" time="0.628" tests="3">
    <testcase classname="controllers/register/myself/email getEmail should call the correct template" name="controllers/register/myself/email getEmail should call the correct template" time="0.001">
    </testcase>
    <testcase classname="controllers/register/myself/email postEmail &apos;should post data and redirect to &apos;/register/myself/address&apos; if email is provided" name="controllers/register/myself/email postEmail &apos;should post data and redirect to &apos;/register/myself/address&apos; if email is provided" time="0.001">
    </testcase>
    <testcase classname="controllers/register/myself/email postEmail should re-render the template with errors if there is any validation error" name="controllers/register/myself/email postEmail should re-render the template with errors if there is any validation error" time="0.001">
    </testcase>
  </testsuite>
  <testsuite name="lib/express-validation-errors-to-govuk-error-list" errors="0" failures="0" skipped="0" timestamp="2022-03-03T13:18:03" time="0.611" tests="3">
    <testcase classname="lib/express-validation-errors-to-govuk-error-list should map the given express validation errors to the Gov UK error list format: - no errors" name="lib/express-validation-errors-to-govuk-error-list should map the given express validation errors to the Gov UK error list format: - no errors" time="0.003">
    </testcase>
    <testcase classname="lib/express-validation-errors-to-govuk-error-list should map the given express validation errors to the Gov UK error list format: - one error" name="lib/express-validation-errors-to-govuk-error-list should map the given express validation errors to the Gov UK error list format: - one error" time="0.001">
    </testcase>
    <testcase classname="lib/express-validation-errors-to-govuk-error-list should map the given express validation errors to the Gov UK error list format: - multiple errors" name="lib/express-validation-errors-to-govuk-error-list should map the given express validation errors to the Gov UK error list format: - multiple errors" time="0">
    </testcase>
  </testsuite>
  <testsuite name="controllers/register/organisation/telephone" errors="0" failures="0" skipped="0" timestamp="2022-03-03T13:18:03" time="0.666" tests="3">
    <testcase classname="controllers/register/organisation/telephone getTelephone should call the correct template" name="controllers/register/organisation/telephone getTelephone should call the correct template" time="0.001">
    </testcase>
    <testcase classname="controllers/register/organisation/telephone postTelephone &apos;should post data and redirect to &apos;/register/organisation/tell-us-about-project&apos; if telephone is provided" name="controllers/register/organisation/telephone postTelephone &apos;should post data and redirect to &apos;/register/organisation/tell-us-about-project&apos; if telephone is provided" time="0.001">
    </testcase>
    <testcase classname="controllers/register/organisation/telephone postTelephone should re-render the template with errors if there is any validation error" name="controllers/register/organisation/telephone postTelephone should re-render the template with errors if there is any validation error" time="0">
    </testcase>
  </testsuite>
  <testsuite name="controllers/register/agent/name-person-representing" errors="0" failures="0" skipped="0" timestamp="2022-03-03T13:18:03" time="0.79" tests="5">
    <testcase classname="controllers/register/agent/name-person-representing getFullName should call the correct template" name="controllers/register/agent/name-person-representing getFullName should call the correct template" time="0.001">
    </testcase>
    <testcase classname="controllers/register/agent/name-person-representing postFullName &apos;should post data and redirect to &apos;/register/agent/are-they-18-over&apos; if name is provided" name="controllers/register/agent/name-person-representing postFullName &apos;should post data and redirect to &apos;/register/agent/are-they-18-over&apos; if name is provided" time="0">
    </testcase>
    <testcase classname="controllers/register/agent/name-person-representing postFullName should re-render the template with errors if there is any validation error" name="controllers/register/agent/name-person-representing postFullName should re-render the template with errors if there is any validation error" time="0.001">
    </testcase>
    <testcase classname="controllers/register/agent/name-person-representing postFullName should re-render the template with errors if there is any validation error" name="controllers/register/agent/name-person-representing postFullName should re-render the template with errors if there is any validation error" time="0.001">
    </testcase>
    <testcase classname="controllers/register/agent/name-person-representing postFullName should re-render the template with errors if there is any validation error" name="controllers/register/agent/name-person-representing postFullName should re-render the template with errors if there is any validation error" time="0">
    </testcase>
  </testsuite>
  <testsuite name="controllers/examination/project-timeline" errors="0" failures="0" skipped="0" timestamp="2022-03-03T13:18:03" time="0.743" tests="1">
    <testcase classname="controllers/examination/project-timeline getProjectTimeline should call the correct template" name="controllers/examination/project-timeline getProjectTimeline should call the correct template" time="0.001">
    </testcase>
  </testsuite>
  <testsuite name="controllers/register/agent/name-of-organisation" errors="0" failures="0" skipped="0" timestamp="2022-03-03T13:18:03" time="0.624" tests="3">
    <testcase classname="controllers/register/agent/name-of-organisation getOrganisationName should call the correct template" name="controllers/register/agent/name-of-organisation getOrganisationName should call the correct template" time="0.001">
    </testcase>
    <testcase classname="controllers/register/agent/name-of-organisation postOrganisationName &apos;should post data and redirect to &apos;/register/agent/email-address&apos; if name is provided" name="controllers/register/agent/name-of-organisation postOrganisationName &apos;should post data and redirect to &apos;/register/agent/email-address&apos; if name is provided" time="0.001">
    </testcase>
    <testcase classname="controllers/register/agent/name-of-organisation postOrganisationName should re-render the template with errors if there is any validation error" name="controllers/register/agent/name-of-organisation postOrganisationName should re-render the template with errors if there is any validation error" time="0.001">
    </testcase>
  </testsuite>
  <testsuite name="controllers/register/agent/declaration" errors="0" failures="0" skipped="0" timestamp="2022-03-03T13:18:03" time="0.69" tests="2">
    <testcase classname="controllers/register/agent/declaration getDeclaration should call the correct template" name="controllers/register/agent/declaration getDeclaration should call the correct template" time="0.008">
    </testcase>
    <testcase classname="controllers/register/agent/declaration postDeclaration &apos;should post data and redirect to &apos;/register/agent/registration-complete&apos;" name="controllers/register/agent/declaration postDeclaration &apos;should post data and redirect to &apos;/register/agent/registration-complete&apos;" time="0">
    </testcase>
  </testsuite>
  <testsuite name="controllers/register/organisation/over-18" errors="0" failures="0" skipped="0" timestamp="2022-03-03T13:18:03" time="0.577" tests="3">
    <testcase classname="controllers/register/organisation/over-18 getOver18 should call the correct template" name="controllers/register/organisation/over-18 getOver18 should call the correct template" time="0.001">
    </testcase>
    <testcase classname="controllers/register/organisation/over-18 postOver18 &apos;should post data and redirect to &apos;/register/organisation/organisation-name&apos; if over-18 is provided" name="controllers/register/organisation/over-18 postOver18 &apos;should post data and redirect to &apos;/register/organisation/organisation-name&apos; if over-18 is provided" time="0.001">
    </testcase>
    <testcase classname="controllers/register/organisation/over-18 postOver18 should re-render the template with errors if there is any validation error" name="controllers/register/organisation/over-18 postOver18 should re-render the template with errors if there is any validation error" time="0">
    </testcase>
  </testsuite>
  <testsuite name="controllers/register/myself/over-18" errors="0" failures="0" skipped="0" timestamp="2022-03-03T13:18:03" time="0.605" tests="3">
    <testcase classname="controllers/register/myself/over-18 getOver18 should call the correct template" name="controllers/register/myself/over-18 getOver18 should call the correct template" time="0.001">
    </testcase>
    <testcase classname="controllers/register/myself/over-18 postOver18 &apos;should post data and redirect to &apos;/register/myself/email-address&apos; if over-18 is provided" name="controllers/register/myself/over-18 postOver18 &apos;should post data and redirect to &apos;/register/myself/email-address&apos; if over-18 is provided" time="0.001">
    </testcase>
    <testcase classname="controllers/register/myself/over-18 postOver18 should re-render the template with errors if there is any validation error" name="controllers/register/myself/over-18 postOver18 should re-render the template with errors if there is any validation error" time="0">
    </testcase>
  </testsuite>
  <testsuite name="controllers/guidance-pages" errors="0" failures="0" skipped="0" timestamp="2022-03-03T13:18:03" time="0.625" tests="1">
    <testcase classname="controllers/guidance-pages getBeforeApply should call the correct template" name="controllers/guidance-pages getBeforeApply should call the correct template" time="0">
    </testcase>
  </testsuite>
  <testsuite name="controllers/register/organisation/full-name" errors="0" failures="0" skipped="0" timestamp="2022-03-03T13:18:03" time="0.594" tests="3">
    <testcase classname="controllers/register/organisation/full-name getFullName should call the correct template" name="controllers/register/organisation/full-name getFullName should call the correct template" time="0.001">
    </testcase>
    <testcase classname="controllers/register/organisation/full-name postFullName &apos;should post data and redirect to &apos;/register/organisation/over-18&apos; if name is provided" name="controllers/register/organisation/full-name postFullName &apos;should post data and redirect to &apos;/register/organisation/over-18&apos; if name is provided" time="0">
    </testcase>
    <testcase classname="controllers/register/organisation/full-name postFullName should re-render the template with errors if there is any validation error" name="controllers/register/organisation/full-name postFullName should re-render the template with errors if there is any validation error" time="0.001">
    </testcase>
  </testsuite>
  <testsuite name="lib/file-size-display-helper" errors="0" failures="0" skipped="0" timestamp="2022-03-03T13:18:04" time="0.535" tests="20">
    <testcase classname="lib/file-size-display-helper should display the expected file size - 0Bytes" name="lib/file-size-display-helper should display the expected file size - 0Bytes" time="0.004">
    </testcase>
    <testcase classname="lib/file-size-display-helper should display the expected file size - 1Bytes" name="lib/file-size-display-helper should display the expected file size - 1Bytes" time="0">
    </testcase>
    <testcase classname="lib/file-size-display-helper should display the expected file size - 1KB" name="lib/file-size-display-helper should display the expected file size - 1KB" time="0.001">
    </testcase>
    <testcase classname="lib/file-size-display-helper should display the expected file size - 1KB" name="lib/file-size-display-helper should display the expected file size - 1KB" time="0">
    </testcase>
    <testcase classname="lib/file-size-display-helper should display the expected file size - 1MB" name="lib/file-size-display-helper should display the expected file size - 1MB" time="0">
    </testcase>
    <testcase classname="lib/file-size-display-helper should display the expected file size - 1MB" name="lib/file-size-display-helper should display the expected file size - 1MB" time="0">
    </testcase>
    <testcase classname="lib/file-size-display-helper should display the expected file size - 1GB" name="lib/file-size-display-helper should display the expected file size - 1GB" time="0">
    </testcase>
    <testcase classname="lib/file-size-display-helper should display the expected file size - 1GB" name="lib/file-size-display-helper should display the expected file size - 1GB" time="0.001">
    </testcase>
    <testcase classname="lib/file-size-display-helper should display the expected file size - 1TB" name="lib/file-size-display-helper should display the expected file size - 1TB" time="0">
    </testcase>
    <testcase classname="lib/file-size-display-helper should display the expected file size - 1TB" name="lib/file-size-display-helper should display the expected file size - 1TB" time="0">
    </testcase>
    <testcase classname="lib/file-size-display-helper should display the expected file size - 1PB" name="lib/file-size-display-helper should display the expected file size - 1PB" time="0">
    </testcase>
    <testcase classname="lib/file-size-display-helper should display the expected file size - 1PB" name="lib/file-size-display-helper should display the expected file size - 1PB" time="0">
    </testcase>
    <testcase classname="lib/file-size-display-helper should display the expected file size - 1EB" name="lib/file-size-display-helper should display the expected file size - 1EB" time="0">
    </testcase>
    <testcase classname="lib/file-size-display-helper should display the expected file size - 1EB" name="lib/file-size-display-helper should display the expected file size - 1EB" time="0">
    </testcase>
    <testcase classname="lib/file-size-display-helper should display the expected file size - 1ZB" name="lib/file-size-display-helper should display the expected file size - 1ZB" time="0">
    </testcase>
    <testcase classname="lib/file-size-display-helper should display the expected file size - 1ZB" name="lib/file-size-display-helper should display the expected file size - 1ZB" time="0.001">
    </testcase>
    <testcase classname="lib/file-size-display-helper should display the expected file size - 1YB" name="lib/file-size-display-helper should display the expected file size - 1YB" time="0">
    </testcase>
    <testcase classname="lib/file-size-display-helper should display the expected file size - 1YB" name="lib/file-size-display-helper should display the expected file size - 1YB" time="0">
    </testcase>
    <testcase classname="lib/file-size-display-helper should display the expected file size - 50MB" name="lib/file-size-display-helper should display the expected file size - 50MB" time="0.001">
    </testcase>
    <testcase classname="lib/file-size-display-helper should display the expected file size - 52MB" name="lib/file-size-display-helper should display the expected file size - 52MB" time="0">
    </testcase>
  </testsuite>
  <testsuite name="controllers/register/agent/are-they-18-over" errors="0" failures="0" skipped="0" timestamp="2022-03-03T13:18:04" time="0.615" tests="3">
    <testcase classname="controllers/register/agent/are-they-18-over getOver18 should call the correct template" name="controllers/register/agent/are-they-18-over getOver18 should call the correct template" time="0.001">
    </testcase>
    <testcase classname="controllers/register/agent/are-they-18-over postOver18 &apos;should post data and redirect to &apos;/register/agent/their-postal-address&apos; if over-18 is provided" name="controllers/register/agent/are-they-18-over postOver18 &apos;should post data and redirect to &apos;/register/agent/their-postal-address&apos; if over-18 is provided" time="0.001">
    </testcase>
    <testcase classname="controllers/register/agent/are-they-18-over postOver18 should re-render the template with errors if there is any validation error" name="controllers/register/agent/are-they-18-over postOver18 should re-render the template with errors if there is any validation error" time="0.003">
    </testcase>
  </testsuite>
  <testsuite name="lib/flash-message" errors="0" failures="0" skipped="0" timestamp="2022-03-03T13:18:04" time="0.55" tests="2">
    <testcase classname="lib/flash-message should add one message to an empty array" name="lib/flash-message should add one message to an empty array" time="0.002">
    </testcase>
    <testcase classname="lib/flash-message should add messages to an existing array" name="lib/flash-message should add messages to an existing array" time="0">
    </testcase>
  </testsuite>
  <testsuite name="controllers/register/myself/registration-saved" errors="0" failures="0" skipped="0" timestamp="2022-03-03T13:18:04" time="0.505" tests="1">
    <testcase classname="controllers/register/myself/registration-saved getRegistrationSaved should call the correct template" name="controllers/register/myself/registration-saved getRegistrationSaved should call the correct template" time="0.001">
    </testcase>
  </testsuite>
  <testsuite name="controllers/register/agent/telephone-number" errors="0" failures="0" skipped="0" timestamp="2022-03-03T13:18:04" time="0.507" tests="3">
    <testcase classname="controllers/register/agent/telephone-number getTelephone should call the correct template" name="controllers/register/agent/telephone-number getTelephone should call the correct template" time="0.001">
    </testcase>
    <testcase classname="controllers/register/agent/telephone-number postTelephone &apos;should post data and redirect to &apos;/register/agent/address&apos; if telephone is provided" name="controllers/register/agent/telephone-number postTelephone &apos;should post data and redirect to &apos;/register/agent/address&apos; if telephone is provided" time="0.001">
    </testcase>
    <testcase classname="controllers/register/agent/telephone-number postTelephone should re-render the template with errors if there is any validation error" name="controllers/register/agent/telephone-number postTelephone should re-render the template with errors if there is any validation error" time="0.001">
    </testcase>
  </testsuite>
  <testsuite name="controllers/register/myself/declaration" errors="0" failures="0" skipped="0" timestamp="2022-03-03T13:18:04" time="0.508" tests="2">
    <testcase classname="controllers/register/myself/declaration getDeclaration should call the correct template" name="controllers/register/myself/declaration getDeclaration should call the correct template" time="0.001">
    </testcase>
    <testcase classname="controllers/register/myself/declaration postDeclaration &apos;should post data and redirect to &apos;/undefined&apos;" name="controllers/register/myself/declaration postDeclaration &apos;should post data and redirect to &apos;/undefined&apos;" time="0">
    </testcase>
  </testsuite>
  <testsuite name="controllers/register/agent/email-address" errors="0" failures="0" skipped="0" timestamp="2022-03-03T13:18:04" time="0.606" tests="3">
    <testcase classname="controllers/register/agent/email-address getEmail should call the correct template" name="controllers/register/agent/email-address getEmail should call the correct template" time="0.001">
    </testcase>
    <testcase classname="controllers/register/agent/email-address postEmail &apos;should post data and redirect to &apos;/register/agent/telephone-number&apos; if email is provided" name="controllers/register/agent/email-address postEmail &apos;should post data and redirect to &apos;/register/agent/telephone-number&apos; if email is provided" time="0.002">
    </testcase>
    <testcase classname="controllers/register/agent/email-address postEmail should re-render the template with errors if there is any validation error" name="controllers/register/agent/email-address postEmail should re-render the template with errors if there is any validation error" time="0">
    </testcase>
  </testsuite>
  <testsuite name="lib/filter-by-key" errors="0" failures="0" skipped="0" timestamp="2022-03-03T13:18:04" time="0.546" tests="4">
    <testcase classname="lib/filter-by-key should give the expected output - empty input" name="lib/filter-by-key should give the expected output - empty input" time="0.001">
    </testcase>
    <testcase classname="lib/filter-by-key should give the expected output - no match" name="lib/filter-by-key should give the expected output - no match" time="0">
    </testcase>
    <testcase classname="lib/filter-by-key should give the expected output - no match, several keys" name="lib/filter-by-key should give the expected output - no match, several keys" time="0">
    </testcase>
    <testcase classname="lib/filter-by-key should give the expected output - with match" name="lib/filter-by-key should give the expected output - with match" time="0.013">
    </testcase>
  </testsuite>
  <testsuite name="lib/clean-up-session" errors="0" failures="0" skipped="0" timestamp="2022-03-03T13:18:04" time="0.544" tests="3">
    <testcase classname="lib/clean-up-session no req.session object" name="lib/clean-up-session no req.session object" time="0.021">
    </testcase>
    <testcase classname="lib/clean-up-session req.session is only key" name="lib/clean-up-session req.session is only key" time="0">
    </testcase>
    <testcase classname="lib/clean-up-session other keys are not impacted" name="lib/clean-up-session other keys are not impacted" time="0.001">
    </testcase>
  </testsuite>
  <testsuite name="controllers/register/agent/registration-saved" errors="0" failures="0" skipped="0" timestamp="2022-03-03T13:18:04" time="0.518" tests="1">
    <testcase classname="controllers/register/agent/registration-saved getRegistrationSaved should call the correct template" name="controllers/register/agent/registration-saved getRegistrationSaved should call the correct template" time="0.001">
    </testcase>
  </testsuite>
  <testsuite name="controllers/examination/recommendations" errors="0" failures="0" skipped="0" timestamp="2022-03-03T13:18:04" time="0.64" tests="1">
    <testcase classname="controllers/examination/recommendations getRecommendations should call the correct template" name="controllers/examination/recommendations getRecommendations should call the correct template" time="0.001">
    </testcase>
  </testsuite>
  <testsuite name="controllers/examination/representations" errors="0" failures="0" skipped="0" timestamp="2022-03-03T13:18:04" time="0.595" tests="1">
    <testcase classname="controllers/examination/representations getRepresentations should call the correct template" name="controllers/examination/representations getRepresentations should call the correct template" time="0">
    </testcase>
  </testsuite>
  <testsuite name="routes/decision-making-process-guide" errors="0" failures="0" skipped="0" timestamp="2022-03-03T13:18:04" time="0.602" tests="1">
    <testcase classname="routes/decision-making-process-guide should define the expected routes" name="routes/decision-making-process-guide should define the expected routes" time="0.019">
    </testcase>
  </testsuite>
  <testsuite name="controllers/register/agent/address" errors="0" failures="0" skipped="0" timestamp="2022-03-03T13:18:04" time="0.658" tests="3">
[...]
    </testcase>
    <testcase classname="controllers/register/agent/address postAddress &apos;should post data and redirect to &apos;/register/agent/who-representing&apos; if address is provided" name="controllers/register/agent/address postAddress &apos;should post data and redirect to &apos;/register/agent/who-representing&apos; if address is provided" time="0.001">
    </testcase>
    <testcase classname="controllers/register/agent/address postAddress should re-render the template with errors if there is any validation error" name="controllers/register/agent/address postAddress should re-render the template with errors if there is any validation error" time="0.001">
    </testcase>
  </testsuite>
  <testsuite name="controllers/register/organisation/declaration" errors="0" failures="0" skipped="0" timestamp="2022-03-03T13:18:04" time="0.674" tests="2">
    <testcase classname="controllers/register/organisation/declaration getDeclaration should call the correct template" name="controllers/register/organisation/declaration getDeclaration should call the correct template" time="0.001">
    </testcase>
    <testcase classname="controllers/register/organisation/declaration postDeclaration &apos;should post data and redirect to &apos;/register/organisation/confirmation&apos;" name="controllers/register/organisation/declaration postDeclaration &apos;should post data and redirect to &apos;/register/organisation/confirmation&apos;" time="0.001">
    </testcase>
  </testsuite>
  <testsuite name="lib/get-base-url" errors="0" failures="0" skipped="0" timestamp="2022-03-03T13:18:04" time="0.596" tests="4">
    <testcase classname="lib/get-base-url unhappy path req.protocol not defined" name="lib/get-base-url unhappy path req.protocol not defined" time="0.001">
    </testcase>
    <testcase classname="lib/get-base-url unhappy path host not defined" name="lib/get-base-url unhappy path host not defined" time="0.001">
    </testcase>
    <testcase classname="lib/get-base-url happy path - should return the expected base url - http://example.com" name="lib/get-base-url happy path - should return the expected base url - http://example.com" time="0">
    </testcase>
    <testcase classname="lib/get-base-url happy path - should return the expected base url - https://example.org" name="lib/get-base-url happy path - should return the expected base url - https://example.org" time="0.001">
    </testcase>
  </testsuite>
  <testsuite name="controllers/register/organisation/tell-us-about-project" errors="0" failures="0" skipped="0" timestamp="2022-03-03T13:18:05" time="0.673" tests="4">
    <testcase classname="controllers/register/organisation/tell-us-about-project getComments should call the correct template" name="controllers/register/organisation/tell-us-about-project getComments should call the correct template" time="0.008">
    </testcase>
    <testcase classname="controllers/register/organisation/tell-us-about-project getComments should call the correct template in edit mode" name="controllers/register/organisation/tell-us-about-project getComments should call the correct template in edit mode" time="0.001">
    </testcase>
    <testcase classname="controllers/register/organisation/tell-us-about-project postComments &apos;should post data and redirect to &apos;/register/organisation/check-your-answers&apos; if comments is provided and mode is edit" name="controllers/register/organisation/tell-us-about-project postComments &apos;should post data and redirect to &apos;/register/organisation/check-your-answers&apos; if comments is provided and mode is edit" time="0.001">
    </testcase>
    <testcase classname="controllers/register/organisation/tell-us-about-project postComments should re-render the template with errors if there is any validation error" name="controllers/register/organisation/tell-us-about-project postComments should re-render the template with errors if there is any validation error" time="0">
    </testcase>
  </testsuite>
  <testsuite name="controllers/register/organisation/role" errors="0" failures="0" skipped="0" timestamp="2022-03-03T13:18:05" time="0.682" tests="3">
    <testcase classname="controllers/register/organisation/role getRole should call the correct template" name="controllers/register/organisation/role getRole should call the correct template" time="0.001">
    </testcase>
    <testcase classname="controllers/register/organisation/role postRole &apos;should post data and redirect to &apos;/register/organisation/email&apos; if role is provided" name="controllers/register/organisation/role postRole &apos;should post data and redirect to &apos;/register/organisation/email&apos; if role is provided" time="0.001">
    </testcase>
    <testcase classname="controllers/register/organisation/role postRole should re-render the template with errors if there is any validation error" name="controllers/register/organisation/role postRole should re-render the template with errors if there is any validation error" time="0">
    </testcase>
  </testsuite>
  <testsuite name="controllers/register/organisation/email" errors="0" failures="0" skipped="0" timestamp="2022-03-03T13:18:05" time="0.704" tests="3">
    <testcase classname="controllers/register/organisation/email getEmail should call the correct template" name="controllers/register/organisation/email getEmail should call the correct template" time="0.099">
    </testcase>
    <testcase classname="controllers/register/organisation/email postEmail &apos;should post data and redirect to &apos;/register/organisation/address&apos; if email is provided" name="controllers/register/organisation/email postEmail &apos;should post data and redirect to &apos;/register/organisation/address&apos; if email is provided" time="0.001">
    </testcase>
    <testcase classname="controllers/register/organisation/email postEmail should re-render the template with errors if there is any validation error" name="controllers/register/organisation/email postEmail should re-render the template with errors if there is any validation error" time="0.001">
    </testcase>
  </testsuite>
  <testsuite name="lib/extract-root-domain-name-from-full-domain-name" errors="0" failures="0" skipped="0" timestamp="2022-03-03T13:18:05" time="0.689" tests="9">
    <testcase classname="lib/extract-root-domain-name-from-full-domain-name subdomainArrayToString should return the expected subdomain path - " name="lib/extract-root-domain-name-from-full-domain-name subdomainArrayToString should return the expected subdomain path - " time="0.001">
    </testcase>
    <testcase classname="lib/extract-root-domain-name-from-full-domain-name subdomainArrayToString should return the expected subdomain path - a" name="lib/extract-root-domain-name-from-full-domain-name subdomainArrayToString should return the expected subdomain path - a" time="0.024">
    </testcase>
    <testcase classname="lib/extract-root-domain-name-from-full-domain-name subdomainArrayToString should return the expected subdomain path - a.b" name="lib/extract-root-domain-name-from-full-domain-name subdomainArrayToString should return the expected subdomain path - a.b" time="0">
    </testcase>
    <testcase classname="lib/extract-root-domain-name-from-full-domain-name subdomainArrayToString should return the expected subdomain path - a.b.c" name="lib/extract-root-domain-name-from-full-domain-name subdomainArrayToString should return the expected subdomain path - a.b.c" time="0">
    </testcase>
    <testcase classname="lib/extract-root-domain-name-from-full-domain-name extractRootDomainNameFromHostnameAndSubdomains should return the expected root domain - " name="lib/extract-root-domain-name-from-full-domain-name extractRootDomainNameFromHostnameAndSubdomains should return the expected root domain - " time="0">
    </testcase>
    <testcase classname="lib/extract-root-domain-name-from-full-domain-name extractRootDomainNameFromHostnameAndSubdomains should return the expected root domain - example.com" name="lib/extract-root-domain-name-from-full-domain-name extractRootDomainNameFromHostnameAndSubdomains should return the expected root domain - example.com" time="0.001">
    </testcase>
    <testcase classname="lib/extract-root-domain-name-from-full-domain-name extractRootDomainNameFromHostnameAndSubdomains should return the expected root domain - www.example.com" name="lib/extract-root-domain-name-from-full-domain-name extractRootDomainNameFromHostnameAndSubdomains should return the expected root domain - www.example.com" time="0">
    </testcase>
    <testcase classname="lib/extract-root-domain-name-from-full-domain-name extractRootDomainNameFromHostnameAndSubdomains should return the expected root domain - appeals-dev.planninginspectorate.gov.uk" name="lib/extract-root-domain-name-from-full-domain-name extractRootDomainNameFromHostnameAndSubdomains should return the expected root domain - appeals-dev.planninginspectorate.gov.uk" time="0.001">
    </testcase>
    <testcase classname="lib/extract-root-domain-name-from-full-domain-name extractRootDomainNameFromHostnameAndSubdomains should return the expected root domain - nested.appeals-dev.planninginspectorate.gov.uk" name="lib/extract-root-domain-name-from-full-domain-name extractRootDomainNameFromHostnameAndSubdomains should return the expected root domain - nested.appeals-dev.planninginspectorate.gov.uk" time="0">
    </testcase>
  </testsuite>
  <testsuite name="controllers/register/organisation/address" errors="0" failures="0" skipped="0" timestamp="2022-03-03T13:18:05" time="0.705" tests="3">
    <testcase classname="controllers/register/organisation/address getAddress should call the correct template" name="controllers/register/organisation/address getAddress should call the correct template" time="0.001">
    </testcase>
    <testcase classname="controllers/register/organisation/address postAddress &apos;should post data and redirect to &apos;/register/organisation/telephone&apos; if address is provided" name="controllers/register/organisation/address postAddress &apos;should post data and redirect to &apos;/register/organisation/telephone&apos; if address is provided" time="0.002">
    </testcase>
    <testcase classname="controllers/register/organisation/address postAddress should re-render the template with errors if there is any validation error" name="controllers/register/organisation/address postAddress should re-render the template with errors if there is any validation error" time="0.001">
    </testcase>
  </testsuite>
  <testsuite name="lib/client-side/javascript-requiring-consent" errors="0" failures="0" skipped="0" timestamp="2022-03-03T13:18:05" time="0.777" tests="4">
    <testcase classname="lib/client-side/javascript-requiring-consent initialiseOptionalJavaScripts return early if cookie is null" name="lib/client-side/javascript-requiring-consent initialiseOptionalJavaScripts return early if cookie is null" time="0.038">
    </testcase>
    <testcase classname="lib/client-side/javascript-requiring-consent initialiseOptionalJavaScripts return early if `usage` is not defined" name="lib/client-side/javascript-requiring-consent initialiseOptionalJavaScripts return early if `usage` is not defined" time="0">
    </testcase>
    <testcase classname="lib/client-side/javascript-requiring-consent initialiseOptionalJavaScripts return early if `usage=false`" name="lib/client-side/javascript-requiring-consent initialiseOptionalJavaScripts return early if `usage=false`" time="0.001">
    </testcase>
    <testcase classname="lib/client-side/javascript-requiring-consent initialiseOptionalJavaScripts calls through if `usage=true`" name="lib/client-side/javascript-requiring-consent initialiseOptionalJavaScripts calls through if `usage=true`" time="0">
    </testcase>
  </testsuite>
  <testsuite name="lib/client-side/google-analytics" errors="0" failures="0" skipped="0" timestamp="2022-03-03T13:18:05" time="0.788" tests="2">
    <testcase classname="lib/client-side/google-analytics initialiseGoogleAnalytics when the Google Tag Manager feature flag is false" name="lib/client-side/google-analytics initialiseGoogleAnalytics when the Google Tag Manager feature flag is false" time="0.025">
    </testcase>
    <testcase classname="lib/client-side/google-analytics initialiseGoogleAnalytics when the Google Tag Manager feature flag is true" name="lib/client-side/google-analytics initialiseGoogleAnalytics when the Google Tag Manager feature flag is true" time="0.003">
    </testcase>
  </testsuite>
  <testsuite name="lib/client-side/cookie/cookie-config" errors="0" failures="0" skipped="0" timestamp="2022-03-03T13:18:05" time="0.543" tests="4">
    <testcase classname="lib/client-side/cookie/cookie-config COOKIE_POLICY_KEY" name="lib/client-side/cookie/cookie-config COOKIE_POLICY_KEY" time="0.001">
    </testcase>
    <testcase classname="lib/client-side/cookie/cookie-config CSS_CLASSES" name="lib/client-side/cookie/cookie-config CSS_CLASSES" time="0">
    </testcase>
    <testcase classname="lib/client-side/cookie/cookie-config DEFAULT_COOKIE_POLICY" name="lib/client-side/cookie/cookie-config DEFAULT_COOKIE_POLICY" time="0">
    </testcase>
    <testcase classname="lib/client-side/cookie/cookie-config SELECTORS" name="lib/client-side/cookie/cookie-config SELECTORS" time="0.001">
    </testcase>
  </testsuite>
  <testsuite name="lib/count-task" errors="0" failures="0" skipped="0" timestamp="2022-03-03T13:18:05" time="0.669" tests="4">
    <testcase classname="lib/count-task should return the counted tasks - One section, one task in progress" name="lib/count-task should return the counted tasks - One section, one task in progress" time="0.001">
    </testcase>
    <testcase classname="lib/count-task should return the counted tasks - One section, one task completed" name="lib/count-task should return the counted tasks - One section, one task completed" time="0.001">
    </testcase>
    <testcase classname="lib/count-task should return the counted tasks - One section, two tasks, one completed, one in progress" name="lib/count-task should return the counted tasks - One section, two tasks, one completed, one in progress" time="0.001">
    </testcase>
    <testcase classname="lib/count-task should return the counted tasks - Two sections, two tasks each, all but one completed" name="lib/count-task should return the counted tasks - Two sections, two tasks each, all but one completed" time="0.001">
    </testcase>
  </testsuite>
  <testsuite name="lib/client-side/cookie/index" errors="0" failures="0" skipped="0" timestamp="2022-03-03T13:18:05" time="0.676" tests="2">
    <testcase classname="lib/client-side/cookie/index initialiseCookieConsent when cookie is null" name="lib/client-side/cookie/index initialiseCookieConsent when cookie is null" time="0.001">
    </testcase>
    <testcase classname="lib/client-side/cookie/index initialiseCookieConsent when cookie is not null" name="lib/client-side/cookie/index initialiseCookieConsent when cookie is not null" time="0">
    </testcase>
  </testsuite>
  <testsuite name="controllers/examination/timetable" errors="0" failures="0" skipped="0" timestamp="2022-03-03T13:18:05" time="0.558" tests="1">
    <testcase classname="controllers/examination/timetable getTimetable should call the correct template" name="controllers/examination/timetable getTimetable should call the correct template" time="0.001">
    </testcase>
  </testsuite>
  <testsuite name="controllers/index" errors="0" failures="0" skipped="0" timestamp="2022-03-03T13:18:05" time="0.503" tests="1">
    <testcase classname="controllers/index getIndex should redirect to the expected route" name="controllers/index getIndex should redirect to the expected route" time="0">
    </testcase>
  </testsuite>
  <testsuite name="lib/render-template-filter" errors="0" failures="0" skipped="0" timestamp="2022-03-03T13:18:05" time="0.403" tests="1">
    <testcase classname="lib/render-template-filter should call render on the given template path" name="lib/render-template-filter should call render on the given template path" time="0">
    </testcase>
  </testsuite>
  <testsuite name="lib/mime-types" errors="0" failures="0" skipped="0" timestamp="2022-03-03T13:18:05" time="0.405" tests="1">
    <testcase classname="lib/mime-types should define the expected mime types" name="lib/mime-types should define the expected mime types" time="0.001">
    </testcase>
  </testsuite>
  <testsuite name="lib/client-side/google-tag-manager" errors="0" failures="0" skipped="0" timestamp="2022-03-03T13:18:05" time="0.45" tests="2">
    <testcase classname="lib/client-side/google-tag-manager grant consent when the Google Tag Manager applyConsent is called" name="lib/client-side/google-tag-manager grant consent when the Google Tag Manager applyConsent is called" time="0.001">
    </testcase>
    <testcase classname="lib/client-side/google-tag-manager deny consent when the Google Tag Manager denyConsent is called" name="lib/client-side/google-tag-manager deny consent when the Google Tag Manager denyConsent is called" time="0.001">
    </testcase>
  </testsuite>
  <testsuite name="string-functions" errors="0" failures="0" skipped="0" timestamp="2022-03-03T13:18:05" time="0.418" tests="2">
    <testcase classname="string-functions capitalize returns a capitalised string" name="string-functions capitalize returns a capitalised string" time="0.001">
    </testcase>
    <testcase classname="string-functions capitalize returns an empty string if something other than a string is passed" name="string-functions capitalize returns an empty string if something other than a string is passed" time="0">
    </testcase>
  </testsuite>
  <testsuite name="lib/add-key-value-pair" errors="0" failures="0" skipped="0" timestamp="2022-03-03T13:18:05" time="0.406" tests="4">
    <testcase classname="lib/add-key-value-pair should give the expected output - empty input" name="lib/add-key-value-pair should give the expected output - empty input" time="0">
    </testcase>
    <testcase classname="lib/add-key-value-pair should give the expected output - adds a key value pair" name="lib/add-key-value-pair should give the expected output - adds a key value pair" time="0">
    </testcase>
    <testcase classname="lib/add-key-value-pair should give the expected output - adds a key value pair - existing data" name="lib/add-key-value-pair should give the expected output - adds a key value pair - existing data" time="0">
    </testcase>
    <testcase classname="lib/add-key-value-pair should give the expected output - replaces key value if already set" name="lib/add-key-value-pair should give the expected output - replaces key value if already set" time="0.001">
    </testcase>
  </testsuite>
  <testsuite name="routes/index" errors="0" failures="0" skipped="0" timestamp="2022-03-03T13:18:06" time="0.344" tests="1">
    <testcase classname="routes/index should define the expected routes" name="routes/index should define the expected routes" time="0.004">
    </testcase>
  </testsuite>
  <testsuite name="controllers/register/organisation/registration-saved" errors="0" failures="0" skipped="0" timestamp="2022-03-03T13:18:06" time="0.363" tests="1">
    <testcase classname="controllers/register/organisation/registration-saved getRegistrationSaved should call the correct template" name="controllers/register/organisation/registration-saved getRegistrationSaved should call the correct template" time="0">
    </testcase>
  </testsuite>
  <testsuite name="lib/client-side/cookie-preferences-page" errors="0" failures="0" skipped="0" timestamp="2022-03-03T13:18:06" time="0.138" tests="1">
    <testcase classname="lib/client-side/cookie-preferences-page calls the expected functions" name="lib/client-side/cookie-preferences-page calls the expected functions" time="0.003">
    </testcase>
  </testsuite>
</testsuites>